Using pre-set license
Built from '2020.2/release' branch; Version is '2020.2.1f1 (270dd8c3da1c) revision 2559448'; Using compiler version '192528614'; Build Type 'Release'
OS: 'Windows 10  (10.0.0) 64bit' Language: 'en' Physical Memory: 16333 MB
BatchMode: 1, IsHumanControllingUs: 0, StartBugReporterOnCrash: 0, Is64bit: 1, IsPro: 0

 COMMAND LINE ARGUMENTS:
C:\Program Files\Unity\Hub\Editor\2020.2.1f1\Editor\Unity.exe
-adb2
-batchMode
-noUpm
-name
AssetImportWorker0
-projectPath
C:/Users/Quentin/Desktop/Shooter
-logFile
Logs/AssetImportWorker0.log
-srvPort
49775
Successfully changed project path to: C:/Users/Quentin/Desktop/Shooter
C:/Users/Quentin/Desktop/Shooter
Using Asset Import Pipeline V2.
Refreshing native plugins compatible for Editor in 39.37 ms, found 0 plugins.
Preloading 0 native plugins for Editor in 0.00 ms.
Initialize engine version: 2020.2.1f1 (270dd8c3da1c)
[Subsystems] Discovering subsystems at path C:/Program Files/Unity/Hub/Editor/2020.2.1f1/Editor/Data/Resources/UnitySubsystems
[Subsystems] Discovering subsystems at path C:/Users/Quentin/Desktop/Shooter/Assets
GfxDevice: creating device client; threaded=0
Direct3D:
    Version:  Direct3D 11.0 [level 11.1]
    Renderer: NVIDIA GeForce RTX 2060 SUPER (ID=0x1f06)
    Vendor:   
    VRAM:     8031 MB
    Driver:   27.21.14.6079
Shader 'WFX/Transparent Specular': fallback shader 'Particles/Alpha Blended' not found
Shader 'WFX/Transparent Diffuse': fallback shader 'Particles/Alpha Blended' not found
Initialize mono
Mono path[0] = 'C:/Program Files/Unity/Hub/Editor/2020.2.1f1/Editor/Data/Managed'
Mono path[1] = 'C:/Program Files/Unity/Hub/Editor/2020.2.1f1/Editor/Data/MonoBleedingEdge/lib/mono/unityjit'
Mono config path = 'C:/Program Files/Unity/Hub/Editor/2020.2.1f1/Editor/Data/MonoBleedingEdge/etc'
Using monoOptions --debugger-agent=transport=dt_socket,embedding=1,server=y,suspend=n,address=127.0.0.1:56100
Begin MonoManager ReloadAssembly
Registering precompiled unity dll's ...
Register platform support module: C:/Program Files/Unity/Hub/Editor/2020.2.1f1/Editor/Data/PlaybackEngines/WindowsStandaloneSupport/UnityEditor.WindowsStandalone.Extensions.dll
Registered in 0.001977 seconds.
Native extension for WindowsStandalone target not found
Refreshing native plugins compatible for Editor in 39.91 ms, found 0 plugins.
Preloading 0 native plugins for Editor in 0.00 ms.
Invoked RoslynAnalysisRunner static constructor.
RoslynAnalysisRunner will not be running.
RoslynAnalysisRunner has terminated.
Mono: successfully reloaded assembly
- Completed reload, in  1.025 seconds
Platform modules already initialized, skipping
Registering precompiled user dll's ...
Registered in 0.003304 seconds.
Begin MonoManager ReloadAssembly
Native extension for WindowsStandalone target not found
Refreshing native plugins compatible for Editor in 0.55 ms, found 0 plugins.
Preloading 0 native plugins for Editor in 0.00 ms.
Invoked RoslynAnalysisRunner static constructor.
RoslynAnalysisRunner will not be running.
RoslynAnalysisRunner has terminated.
Find all reader and writers took 61 milliseconds
Script Module: UnityEngine.UI.dll
Weave behaviours and messages took51 milliseconds
Find all reader and writers took 46 milliseconds
Script Module: UnityEngine.TestRunner.dll
Weave behaviours and messages took13 milliseconds
Find all reader and writers took 47 milliseconds
Script Module: SimpleWebTransport.dll
Weave behaviours and messages took3 milliseconds
Find all reader and writers took 45 milliseconds
Script Module: Unity.Timeline.dll
Weave behaviours and messages took14 milliseconds
Find all reader and writers took 54 milliseconds
Script Module: Mirror.Examples.dll
[Projectile] NetworkBehaviourProcessor
[Tank] NetworkBehaviourProcessor
[NetworkRoomPlayer] NetworkBehaviourProcessor
[NetworkRoomPlayerExt] NetworkBehaviourProcessor
[PlayerController] NetworkBehaviourProcessor
[PlayerScore] NetworkBehaviourProcessor
[RandomColor] NetworkBehaviourProcessor
[Reward] NetworkBehaviourProcessor
[AddForce] NetworkBehaviourProcessor
[Ball] NetworkBehaviourProcessor
[Player] NetworkBehaviourProcessor
[MatchController] NetworkBehaviourProcessor
[PhysicsCollision] NetworkBehaviourProcessor
[PlayerController] NetworkBehaviourProcessor
[PlayerScore] NetworkBehaviourProcessor
[RandomColor] NetworkBehaviourProcessor
[Reward] NetworkBehaviourProcessor
[Player] NetworkBehaviourProcessor
[MonsterMovement] NetworkBehaviourProcessor
[PlayerMovement] NetworkBehaviourProcessor
[Player] NetworkBehaviourProcessor
[PlayerController] NetworkBehaviourProcessor
[RandomColor] NetworkBehaviourProcessor
[ShootingTankBehaviour] NetworkBehaviourProcessor
Weave behaviours and messages took83 milliseconds
  ProcessSitesModule Mirror.Examples.dll elapsed time:00:00:00.0120107
Find all reader and writers took 41 milliseconds
Script Module: Unity.ProBuilder.dll
Weave behaviours and messages took33 milliseconds
Find all reader and writers took 42 milliseconds
Script Module: Mirror.Components.dll
[NetworkAnimator] NetworkBehaviourProcessor
[NetworkRoomPlayer] NetworkBehaviourProcessor
[NetworkLobbyPlayer] NetworkBehaviourProcessor
[NetworkVisibility] NetworkBehaviourProcessor
[NetworkVisibility] Found NetworkBehaviour Mirror.NetworkVisibility
[NetworkVisibility] Process Start
[NetworkVisibility]   GenerateSerialization
[NetworkVisibility]   GenerateDeSerialization
[NetworkVisibility] Process Done
[NetworkMatchChecker] NetworkBehaviourProcessor
[NetworkVisibility] NetworkBehaviourProcessor
[NetworkProximityChecker] NetworkBehaviourProcessor
[NetworkRoomPlayer] NetworkBehaviourProcessor
[NetworkVisibility] NetworkBehaviourProcessor
[NetworkSceneChecker] NetworkBehaviourProcessor
[NetworkTransformBase] NetworkBehaviourProcessor
[NetworkTransform] NetworkBehaviourProcessor
[NetworkTransformBase] NetworkBehaviourProcessor
[NetworkTransformBase] NetworkBehaviourProcessor
[NetworkTransformChild] NetworkBehaviourProcessor
[NetworkLerpRigidbody] NetworkBehaviourProcessor
[NetworkRigidbody] NetworkBehaviourProcessor
[NetworkRigidbody2D] NetworkBehaviourProcessor
[NetworkTransformBase] NetworkBehaviourProcessor
[NetworkTransform] NetworkBehaviourProcessor
[NetworkTransformBase] NetworkBehaviourProcessor
[NetworkTransformBase] NetworkBehaviourProcessor
[NetworkTransformChild] NetworkBehaviourProcessor
Weave behaviours and messages took65 milliseconds
  ProcessSitesModule Mirror.Components.dll elapsed time:00:00:00.0040045
Find all reader and writers took 50 milliseconds
Script Module: Unity.TextMeshPro.dll
Weave behaviours and messages took36 milliseconds
Find all reader and writers took 40 milliseconds
Script Module: Assembly-CSharp.dll
[CameraPosition] NetworkBehaviourProcessor
[GunHolder] NetworkBehaviourProcessor
[Player] NetworkBehaviourProcessor
[PlayerMovement] NetworkBehaviourProcessor
[PlayerSetup] NetworkBehaviourProcessor
[PlayerShoot] NetworkBehaviourProcessor
[Shooting] NetworkBehaviourProcessor
[WeaponManager] NetworkBehaviourProcessor
[FirstPersonController] NetworkBehaviourProcessor
Weave behaviours and messages took13 milliseconds
  ProcessSitesModule Assembly-CSharp.dll elapsed time:00:00:00
Find all reader and writers took 40 milliseconds
Script Module: Unity.ProBuilder.Poly2Tri.dll
Weave behaviours and messages took3 milliseconds
Find all reader and writers took 40 milliseconds
Script Module: Unity.Postprocessing.Runtime.dll
Weave behaviours and messages took12 milliseconds
Find all reader and writers took 40 milliseconds
Script Module: Telepathy.dll
Weave behaviours and messages took1 milliseconds
Find all reader and writers took 42 milliseconds
Script Module: Mirror.Authenticators.dll
Weave behaviours and messages took49 milliseconds
  ProcessSitesModule Mirror.Authenticators.dll elapsed time:00:00:00.0030029
Find all reader and writers took 41 milliseconds
Script Module: Unity.ProGrids.dll
Weave behaviours and messages took0 milliseconds
Find all reader and writers took 37 milliseconds
Script Module: Unity.ProBuilder.Csg.dll
Weave behaviours and messages took1 milliseconds
Find all reader and writers took 39 milliseconds
Script Module: Mirror.Examples.Cloud.GUI.dll
Weave behaviours and messages took2 milliseconds
Find all reader and writers took 42 milliseconds
Script Module: Mirror.Cloud.dll
Weave behaviours and messages took1 milliseconds
Find all reader and writers took 37 milliseconds
Script Module: Unity.ProBuilder.KdTree.dll
Weave behaviours and messages took2 milliseconds
Find all reader and writers took 37 milliseconds
Script Module: kcp2k.dll
Weave behaviours and messages took2 milliseconds
Find all reader and writers took 40 milliseconds
Script Module: Unity.ProBuilder.Stl.dll
Weave behaviours and messages took0 milliseconds
Find all reader and writers took 42 milliseconds
Script Module: Mirror.Examples.Cloud.Pong.dll
[Ball] NetworkBehaviourProcessor
[BallManager] NetworkBehaviourProcessor
[Player] NetworkBehaviourProcessor
Weave behaviours and messages took45 milliseconds
  ProcessSitesModule Mirror.Examples.Cloud.Pong.dll elapsed time:00:00:00.0030027
Find all reader and writers took 50 milliseconds
Script Module: UnityEditor.TestRunner.dll
Weave behaviours and messages took18 milliseconds
Find all reader and writers took 48 milliseconds
Script Module: UnityEditor.UI.dll
Weave behaviours and messages took5 milliseconds
Find all reader and writers took 48 milliseconds
Script Module: Unity.ProBuilder.AssetIdRemapUtility.dll
Weave behaviours and messages took2 milliseconds
Find all reader and writers took 37 milliseconds
Script Module: Mirror.CompilerSymbols.dll
Weave behaviours and messages took0 milliseconds
Mono: successfully reloaded assembly
- Completed reload, in  4.452 seconds
Platform modules already initialized, skipping
========================================================================
Worker process is ready to serve import requests
Shader 'WFX/Transparent Diffuse': fallback shader 'Particles/Alpha Blended' not found
Shader 'WFX/Transparent Specular': fallback shader 'Particles/Alpha Blended' not found
Launched and connected shader compiler UnityShaderCompiler.exe after 0.03 seconds
Refreshing native plugins compatible for Editor in 0.56 ms, found 0 plugins.
Preloading 0 native plugins for Editor in 0.00 ms.
Unloading 1897 Unused Serialized files (Serialized files now loaded: 0)
System memory in use before: 95.7 MB.
System memory in use after: 95.8 MB.

Unloading 85 unused Assets to reduce memory usage. Loaded Objects now: 2334.
Total: 2.957600 ms (FindLiveObjects: 0.269500 ms CreateObjectMapping: 0.047800 ms MarkObjects: 2.467700 ms  DeleteObjects: 0.171900 ms)

========================================================================
Received Import Request.
  path: Assets/FBX
  artifactKey: Guid(d0e1448852916c6489f97c3ac063972a) Importer(815301076,1909f56bfc062723c751e8b465ee728b)
Start importing Assets/FBX using Guid(d0e1448852916c6489f97c3ac063972a) Importer(815301076,1909f56bfc062723c751e8b465ee728b)  -> (artifact id: '6d44e467434f1b9c7b9f6cf0b8c581c4') in 0.005390 seconds
  Import took 0.009543 seconds .

========================================================================
Received Import Request.
  Time since last request: 13.225083 seconds.
  path: Assets/FBX/untitled.blend
  artifactKey: Guid(8da6703cf2141c049982e72ae1700d51) Importer(815301076,1909f56bfc062723c751e8b465ee728b)
Start importing Assets/FBX/untitled.blend using Guid(8da6703cf2141c049982e72ae1700d51) Importer(815301076,1909f56bfc062723c751e8b465ee728b)  -> (artifact id: '0e085c0b659ecc1a72a2642bdb5d7bf6') in 0.117110 seconds
  Import took 0.120772 seconds .

========================================================================
Received Import Request.
  Time since last request: 312.402049 seconds.
  path: Assets/modern-weapons/AK-47/Textures
  artifactKey: Guid(1d4d00358221d5041aa648bef12c9ab5) Importer(815301076,1909f56bfc062723c751e8b465ee728b)
Start importing Assets/modern-weapons/AK-47/Textures using Guid(1d4d00358221d5041aa648bef12c9ab5) Importer(815301076,1909f56bfc062723c751e8b465ee728b)  -> (artifact id: '12245dac45a216459f3e76ca16d71d86') in 0.008771 seconds
  Import took 0.012349 seconds .

========================================================================
Received Import Request.
  Time since last request: 0.091816 seconds.
  path: Assets/modern-weapons/AK-47/Textures/Ak-47_Albedo.png
  artifactKey: Guid(c6efe4d008aa5a4468b4412a8afe109d) Importer(815301076,1909f56bfc062723c751e8b465ee728b)
Start importing Assets/modern-weapons/AK-47/Textures/Ak-47_Albedo.png using Guid(c6efe4d008aa5a4468b4412a8afe109d) Importer(815301076,1909f56bfc062723c751e8b465ee728b)  -> (artifact id: 'a5442f046229981c7aefdfe864765851') in 0.061596 seconds
  Import took 0.065735 seconds .

========================================================================
Received Import Request.
  Time since last request: 0.000240 seconds.
  path: Assets/modern-weapons/AK-47/Textures/Ak-47_Metallic.tga
  artifactKey: Guid(a602f40ce5a47244e97e3ab0d754c839) Importer(815301076,1909f56bfc062723c751e8b465ee728b)
Start importing Assets/modern-weapons/AK-47/Textures/Ak-47_Metallic.tga using Guid(a602f40ce5a47244e97e3ab0d754c839) Importer(815301076,1909f56bfc062723c751e8b465ee728b)  -> (artifact id: 'd4dd693245aae8ed9b47a01a4136e964') in 0.111556 seconds
  Import took 0.115078 seconds .

========================================================================
Received Import Request.
  Time since last request: 0.000246 seconds.
  path: Assets/modern-weapons/AK-47/Textures/AK-47_Normal.png
  artifactKey: Guid(37550554c7404a5478b5357c7b186ec1) Importer(815301076,1909f56bfc062723c751e8b465ee728b)
Start importing Assets/modern-weapons/AK-47/Textures/AK-47_Normal.png using Guid(37550554c7404a5478b5357c7b186ec1) Importer(815301076,1909f56bfc062723c751e8b465ee728b)  -> (artifact id: '4ee40036322103921ac87c8cc249e530') in 0.021890 seconds
  Import took 0.024770 seconds .

========================================================================
Received Import Request.
  Time since last request: 172.287774 seconds.
  path: Assets/modern-weapons/870 Shotgun/Textures
  artifactKey: Guid(7336e46d82936f04b9ce8a5df788acf0) Importer(815301076,1909f56bfc062723c751e8b465ee728b)
Start importing Assets/modern-weapons/870 Shotgun/Textures using Guid(7336e46d82936f04b9ce8a5df788acf0) Importer(815301076,1909f56bfc062723c751e8b465ee728b)  -> (artifact id: '79db946a74d7c14349c0bf4b2dc2d49a') in 0.002778 seconds
  Import took 0.006864 seconds .

========================================================================
Received Import Request.
  Time since last request: 0.057358 seconds.
  path: Assets/modern-weapons/870 Shotgun/Textures/870_Shotgun_Albedo.png
  artifactKey: Guid(75f71035bc11f5749b97ce1d2b2ae1ab) Importer(815301076,1909f56bfc062723c751e8b465ee728b)
Start importing Assets/modern-weapons/870 Shotgun/Textures/870_Shotgun_Albedo.png using Guid(75f71035bc11f5749b97ce1d2b2ae1ab) Importer(815301076,1909f56bfc062723c751e8b465ee728b)  -> (artifact id: 'b4645f41f211533b4cc0291be469b5d1') in 0.021151 seconds
  Import took 0.024482 seconds .

========================================================================
Received Import Request.
  Time since last request: 0.000289 seconds.
  path: Assets/modern-weapons/870 Shotgun/Textures/870_Shotgun_Normal.png
  artifactKey: Guid(6c38a354f8f3709489f53ecc7c89c125) Importer(815301076,1909f56bfc062723c751e8b465ee728b)
Start importing Assets/modern-weapons/870 Shotgun/Textures/870_Shotgun_Normal.png using Guid(6c38a354f8f3709489f53ecc7c89c125) Importer(815301076,1909f56bfc062723c751e8b465ee728b)  -> (artifact id: 'ed73dec874abfeb79826758676c3cec5') in 0.020494 seconds
  Import took 0.023956 seconds .

========================================================================
Received Import Request.
  Time since last request: 0.000281 seconds.
  path: Assets/modern-weapons/870 Shotgun/Textures/870_Shotgun_Metallic.tga
  artifactKey: Guid(28408331b008c4949890e92eb1b2df85) Importer(815301076,1909f56bfc062723c751e8b465ee728b)
Start importing Assets/modern-weapons/870 Shotgun/Textures/870_Shotgun_Metallic.tga using Guid(28408331b008c4949890e92eb1b2df85) Importer(815301076,1909f56bfc062723c751e8b465ee728b)  -> (artifact id: 'dfef4e540fa9436ac031e2b5bb328e91') in 0.034009 seconds
  Import took 0.037219 seconds .

========================================================================
Received Import Request.
  Time since last request: 48.668274 seconds.
  path: Assets/modern-weapons/L96 Sniper Rifle/Textures
  artifactKey: Guid(708e0e2f78f04f54794bacf44b25289c) Importer(815301076,1909f56bfc062723c751e8b465ee728b)
Start importing Assets/modern-weapons/L96 Sniper Rifle/Textures using Guid(708e0e2f78f04f54794bacf44b25289c) Importer(815301076,1909f56bfc062723c751e8b465ee728b)  -> (artifact id: '7cf65549d5db815170515394305bf5a6') in 0.002508 seconds
  Import took 0.005921 seconds .

========================================================================
Received Import Request.
  Time since last request: 0.131224 seconds.
  path: Assets/modern-weapons/L96 Sniper Rifle/Textures/L96_Albedo.png
  artifactKey: Guid(1adbf58f8170a474a8711cda0269f929) Importer(815301076,1909f56bfc062723c751e8b465ee728b)
Start importing Assets/modern-weapons/L96 Sniper Rifle/Textures/L96_Albedo.png using Guid(1adbf58f8170a474a8711cda0269f929) Importer(815301076,1909f56bfc062723c751e8b465ee728b)  -> (artifact id: '004dabc82dde749d2a2f37a0da9bbef3') in 0.016795 seconds
  Import took 0.019881 seconds .

========================================================================
Received Import Request.
  Time since last request: 0.000280 seconds.
  path: Assets/modern-weapons/L96 Sniper Rifle/Textures/L96_Normal.png
  artifactKey: Guid(598850088ecc57c459fc2f1d6fa68540) Importer(815301076,1909f56bfc062723c751e8b465ee728b)
Start importing Assets/modern-weapons/L96 Sniper Rifle/Textures/L96_Normal.png using Guid(598850088ecc57c459fc2f1d6fa68540) Importer(815301076,1909f56bfc062723c751e8b465ee728b)  -> (artifact id: '22aa61907b5b074f5e2e6ac83b7d477c') in 0.020016 seconds
  Import took 0.022752 seconds .

========================================================================
Received Import Request.
  Time since last request: 0.000287 seconds.
  path: Assets/modern-weapons/L96 Sniper Rifle/Textures/L96_Metallic.tga
  artifactKey: Guid(45ea68fbae87354478f8f3f87296eed6) Importer(815301076,1909f56bfc062723c751e8b465ee728b)
Start importing Assets/modern-weapons/L96 Sniper Rifle/Textures/L96_Metallic.tga using Guid(45ea68fbae87354478f8f3f87296eed6) Importer(815301076,1909f56bfc062723c751e8b465ee728b)  -> (artifact id: '9888f184a1fc616f30c6ec0fd86b5bdd') in 0.013719 seconds
  Import took 0.017010 seconds .

========================================================================
Received Prepare
Registering precompiled user dll's ...
Registered in 0.003213 seconds.
Begin MonoManager ReloadAssembly
Native extension for WindowsStandalone target not found
Refreshing native plugins compatible for Editor in 0.54 ms, found 0 plugins.
Preloading 0 native plugins for Editor in 0.00 ms.
Invoked RoslynAnalysisRunner static constructor.
RoslynAnalysisRunner will not be running.
RoslynAnalysisRunner has terminated.
Mono: successfully reloaded assembly
- Completed reload, in  0.788 seconds
Platform modules already initialized, skipping
Shader 'WFX/Transparent Diffuse': fallback shader 'Particles/Alpha Blended' not found
Shader 'WFX/Transparent Specular': fallback shader 'Particles/Alpha Blended' not found
Refreshing native plugins compatible for Editor in 0.54 ms, found 0 plugins.
Preloading 0 native plugins for Editor in 0.00 ms.
Unloading 1829 Unused Serialized files (Serialized files now loaded: 0)
System memory in use before: 95.9 MB.
System memory in use after: 96.0 MB.

Unloading 80 unused Assets to reduce memory usage. Loaded Objects now: 2380.
Total: 2.178600 ms (FindLiveObjects: 0.281800 ms CreateObjectMapping: 0.041100 ms MarkObjects: 1.759000 ms  DeleteObjects: 0.095900 ms)

AssetImportWorkerClient::OnTransportError - code=2 error=End of file
